{
"C:\\Users\\SKouroupis\\Documents\\projects\\angular2.leaflet.components\\map\\map.ts":{"path":"C:\\Users\\SKouroupis\\Documents\\projects\\angular2.leaflet.components\\map\\map.ts","statementMap":{"0":{"start":{"line":2,"column":17},"end":{"line":7,"column":1}},"1":{"start":{"line":3,"column":12},"end":{"line":3,"column":28}},"2":{"start":{"line":3,"column":34},"end":{"line":3,"column":125}},"3":{"start":{"line":4,"column":4},"end":{"line":5,"column":150}},"4":{"start":{"line":4,"column":79},"end":{"line":4,"column":131}},"5":{"start":{"line":5,"column":9},"end":{"line":5,"column":150}},"6":{"start":{"line":5,"column":58},"end":{"line":5,"column":150}},"7":{"start":{"line":5,"column":81},"end":{"line":5,"column":150}},"8":{"start":{"line":6,"column":4},"end":{"line":6,"column":66}},"9":{"start":{"line":8,"column":17},"end":{"line":10,"column":1}},"10":{"start":{"line":9,"column":4},"end":{"line":9,"column":109}},"11":{"start":{"line":9,"column":79},"end":{"line":9,"column":109}},"12":{"start":{"line":11,"column":13},"end":{"line":11,"column":37}},"13":{"start":{"line":12,"column":20},"end":{"line":12,"column":54}},"14":{"start":{"line":13,"column":8},"end":{"line":13,"column":26}},"15":{"start":{"line":14,"column":22},"end":{"line":69,"column":3}},"16":{"start":{"line":16,"column":8},"end":{"line":16,"column":37}},"17":{"start":{"line":17,"column":8},"end":{"line":17,"column":24}},"18":{"start":{"line":18,"column":8},"end":{"line":18,"column":24}},"19":{"start":{"line":19,"column":8},"end":{"line":19,"column":23}},"20":{"start":{"line":20,"column":8},"end":{"line":20,"column":25}},"21":{"start":{"line":21,"column":8},"end":{"line":21,"column":26}},"22":{"start":{"line":22,"column":8},"end":{"line":22,"column":34}},"23":{"start":{"line":23,"column":8},"end":{"line":23,"column":34}},"24":{"start":{"line":24,"column":8},"end":{"line":24,"column":39}},"25":{"start":{"line":26,"column":4},"end":{"line":56,"column":6}},"26":{"start":{"line":27,"column":8},"end":{"line":29,"column":9}},"27":{"start":{"line":28,"column":12},"end":{"line":28,"column":30}},"28":{"start":{"line":30,"column":8},"end":{"line":32,"column":9}},"29":{"start":{"line":31,"column":12},"end":{"line":31,"column":30}},"30":{"start":{"line":33,"column":8},"end":{"line":42,"column":9}},"31":{"start":{"line":34,"column":27},"end":{"line":34,"column":46}},"32":{"start":{"line":35,"column":12},"end":{"line":41,"column":13}},"33":{"start":{"line":36,"column":16},"end":{"line":36,"column":55}},"34":{"start":{"line":39,"column":16},"end":{"line":39,"column":86}},"35":{"start":{"line":40,"column":16},"end":{"line":40,"column":42}},"36":{"start":{"line":43,"column":18},"end":{"line":52,"column":10}},"37":{"start":{"line":53,"column":8},"end":{"line":53,"column":58}},"38":{"start":{"line":54,"column":8},"end":{"line":54,"column":36}},"39":{"start":{"line":55,"column":8},"end":{"line":55,"column":59}},"40":{"start":{"line":57,"column":4},"end":{"line":58,"column":6}},"41":{"start":{"line":59,"column":4},"end":{"line":67,"column":6}},"42":{"start":{"line":60,"column":8},"end":{"line":66,"column":9}},"43":{"start":{"line":61,"column":22},"end":{"line":61,"column":46}},"44":{"start":{"line":62,"column":12},"end":{"line":64,"column":13}},"45":{"start":{"line":63,"column":16},"end":{"line":63,"column":70}},"46":{"start":{"line":65,"column":12},"end":{"line":65,"column":128}},"47":{"start":{"line":68,"column":4},"end":{"line":68,"column":26}},"48":{"start":{"line":70,"column":0},"end":{"line":73,"column":44}},"49":{"start":{"line":74,"column":0},"end":{"line":77,"column":44}},"50":{"start":{"line":78,"column":0},"end":{"line":81,"column":42}},"51":{"start":{"line":82,"column":0},"end":{"line":85,"column":42}},"52":{"start":{"line":86,"column":0},"end":{"line":89,"column":45}},"53":{"start":{"line":90,"column":0},"end":{"line":93,"column":48}},"54":{"start":{"line":94,"column":0},"end":{"line":97,"column":48}},"55":{"start":{"line":98,"column":0},"end":{"line":101,"column":53}},"56":{"start":{"line":102,"column":0},"end":{"line":105,"column":44}},"57":{"start":{"line":106,"column":0},"end":{"line":109,"column":51}},"58":{"start":{"line":110,"column":0},"end":{"line":119,"column":19}},"59":{"start":{"line":120,"column":0},"end":{"line":120,"column":40}}},"fnMap":{"0":{"name":"(anonymous_0)","decl":{"start":{"line":2,"column":46},"end":{"line":2,"column":47}},"loc":{"start":{"line":2,"column":87},"end":{"line":7,"column":1}}},"1":{"name":"(anonymous_1)","decl":{"start":{"line":8,"column":46},"end":{"line":8,"column":47}},"loc":{"start":{"line":8,"column":62},"end":{"line":10,"column":1}}},"2":{"name":"(anonymous_2)","decl":{"start":{"line":14,"column":22},"end":{"line":14,"column":23}},"loc":{"start":{"line":14,"column":34},"end":{"line":69,"column":1}}},"3":{"name":"LeafletElement","decl":{"start":{"line":15,"column":13},"end":{"line":15,"column":27}},"loc":{"start":{"line":15,"column":40},"end":{"line":25,"column":5}}},"4":{"name":"(anonymous_4)","decl":{"start":{"line":26,"column":40},"end":{"line":26,"column":41}},"loc":{"start":{"line":26,"column":52},"end":{"line":56,"column":5}}},"5":{"name":"(anonymous_5)","decl":{"start":{"line":57,"column":47},"end":{"line":57,"column":48}},"loc":{"start":{"line":57,"column":59},"end":{"line":58,"column":5}}},"6":{"name":"(anonymous_6)","decl":{"start":{"line":59,"column":47},"end":{"line":59,"column":48}},"loc":{"start":{"line":59,"column":59},"end":{"line":67,"column":5}}}},"branchMap":{"0":{"loc":{"start":{"line":2,"column":17},"end":{"line":7,"column":1}},"type":"binary-expr","locations":[{"start":{"line":2,"column":18},"end":{"line":2,"column":22}},{"start":{"line":2,"column":26},"end":{"line":2,"column":41}},{"start":{"line":2,"column":46},"end":{"line":7,"column":1}}]},"1":{"loc":{"start":{"line":3,"column":34},"end":{"line":3,"column":125}},"type":"cond-expr","locations":[{"start":{"line":3,"column":42},"end":{"line":3,"column":48}},{"start":{"line":3,"column":51},"end":{"line":3,"column":125}}]},"2":{"loc":{"start":{"line":3,"column":51},"end":{"line":3,"column":125}},"type":"cond-expr","locations":[{"start":{"line":3,"column":67},"end":{"line":3,"column":118}},{"start":{"line":3,"column":121},"end":{"line":3,"column":125}}]},"3":{"loc":{"start":{"line":4,"column":4},"end":{"line":5,"column":150}},"type":"if","locations":[{"start":{"line":4,"column":4},"end":{"line":5,"column":150}},{"start":{"line":4,"column":4},"end":{"line":5,"column":150}}]},"4":{"loc":{"start":{"line":4,"column":8},"end":{"line":4,"column":77}},"type":"binary-expr","locations":[{"start":{"line":4,"column":8},"end":{"line":4,"column":35}},{"start":{"line":4,"column":39},"end":{"line":4,"column":77}}]},"5":{"loc":{"start":{"line":5,"column":58},"end":{"line":5,"column":150}},"type":"if","locations":[{"start":{"line":5,"column":58},"end":{"line":5,"column":150}},{"start":{"line":5,"column":58},"end":{"line":5,"column":150}}]},"6":{"loc":{"start":{"line":5,"column":85},"end":{"line":5,"column":149}},"type":"binary-expr","locations":[{"start":{"line":5,"column":86},"end":{"line":5,"column":143}},{"start":{"line":5,"column":148},"end":{"line":5,"column":149}}]},"7":{"loc":{"start":{"line":5,"column":86},"end":{"line":5,"column":143}},"type":"cond-expr","locations":[{"start":{"line":5,"column":94},"end":{"line":5,"column":98}},{"start":{"line":5,"column":101},"end":{"line":5,"column":143}}]},"8":{"loc":{"start":{"line":5,"column":101},"end":{"line":5,"column":143}},"type":"cond-expr","locations":[{"start":{"line":5,"column":109},"end":{"line":5,"column":126}},{"start":{"line":5,"column":129},"end":{"line":5,"column":143}}]},"9":{"loc":{"start":{"line":6,"column":11},"end":{"line":6,"column":62}},"type":"binary-expr","locations":[{"start":{"line":6,"column":11},"end":{"line":6,"column":16}},{"start":{"line":6,"column":20},"end":{"line":6,"column":21}},{"start":{"line":6,"column":25},"end":{"line":6,"column":62}}]},"10":{"loc":{"start":{"line":8,"column":17},"end":{"line":10,"column":1}},"type":"binary-expr","locations":[{"start":{"line":8,"column":18},"end":{"line":8,"column":22}},{"start":{"line":8,"column":26},"end":{"line":8,"column":41}},{"start":{"line":8,"column":46},"end":{"line":10,"column":1}}]},"11":{"loc":{"start":{"line":9,"column":4},"end":{"line":9,"column":109}},"type":"if","locations":[{"start":{"line":9,"column":4},"end":{"line":9,"column":109}},{"start":{"line":9,"column":4},"end":{"line":9,"column":109}}]},"12":{"loc":{"start":{"line":9,"column":8},"end":{"line":9,"column":77}},"type":"binary-expr","locations":[{"start":{"line":9,"column":8},"end":{"line":9,"column":35}},{"start":{"line":9,"column":39},"end":{"line":9,"column":77}}]},"13":{"loc":{"start":{"line":27,"column":8},"end":{"line":29,"column":9}},"type":"if","locations":[{"start":{"line":27,"column":8},"end":{"line":29,"column":9}},{"start":{"line":27,"column":8},"end":{"line":29,"column":9}}]},"14":{"loc":{"start":{"line":30,"column":8},"end":{"line":32,"column":9}},"type":"if","locations":[{"start":{"line":30,"column":8},"end":{"line":32,"column":9}},{"start":{"line":30,"column":8},"end":{"line":32,"column":9}}]},"15":{"loc":{"start":{"line":33,"column":8},"end":{"line":42,"column":9}},"type":"if","locations":[{"start":{"line":33,"column":8},"end":{"line":42,"column":9}},{"start":{"line":33,"column":8},"end":{"line":42,"column":9}}]},"16":{"loc":{"start":{"line":35,"column":12},"end":{"line":41,"column":13}},"type":"if","locations":[{"start":{"line":35,"column":12},"end":{"line":41,"column":13}},{"start":{"line":35,"column":12},"end":{"line":41,"column":13}}]},"17":{"loc":{"start":{"line":60,"column":8},"end":{"line":66,"column":9}},"type":"if","locations":[{"start":{"line":60,"column":8},"end":{"line":66,"column":9}},{"start":{"line":60,"column":8},"end":{"line":66,"column":9}}]},"18":{"loc":{"start":{"line":62,"column":12},"end":{"line":64,"column":13}},"type":"if","locations":[{"start":{"line":62,"column":12},"end":{"line":64,"column":13}},{"start":{"line":62,"column":12},"end":{"line":64,"column":13}}]}},"s":{"0":1,"1":11,"2":11,"3":11,"4":0,"5":11,"6":22,"7":22,"8":11,"9":1,"10":11,"11":11,"12":1,"13":1,"14":1,"15":1,"16":1,"17":1,"18":1,"19":1,"20":1,"21":1,"22":1,"23":1,"24":1,"25":1,"26":1,"27":0,"28":1,"29":0,"30":1,"31":0,"32":0,"33":0,"34":0,"35":0,"36":1,"37":1,"38":1,"39":1,"40":1,"41":1,"42":0,"43":0,"44":0,"45":0,"46":0,"47":1,"48":1,"49":1,"50":1,"51":1,"52":1,"53":1,"54":1,"55":1,"56":1,"57":1,"58":1,"59":1},"f":{"0":11,"1":11,"2":1,"3":1,"4":1,"5":1,"6":0},"b":{"0":[1,1,1],"1":[1,10],"2":[0,10],"3":[0,11],"4":[11,11],"5":[22,0],"6":[22,21],"7":[2,20],"8":[20,0],"9":[11,10,0],"10":[1,1,1],"11":[11,0],"12":[11,11],"13":[0,1],"14":[0,1],"15":[0,1],"16":[0,0],"17":[0,0],"18":[0,0]},"inputSourceMap":{"version":3,"file":"map.js","sourceRoot":"","sources":["map.ts"],"names":[],"mappings":";;;;;;;;;;AAAA,sCAAsF;AACtF,uDAAqD;AACrD,2BAA6B;AAU7B,IAAa,cAAc;IAczB,wBAAoB,UAAsB;QAAtB,eAAU,GAAV,UAAU,CAAY;QAbjC,QAAG,GAAW,IAAI,CAAC;QACnB,QAAG,GAAW,CAAC,GAAG,CAAC;QAGnB,SAAI,GAAW,EAAE,CAAC;QAClB,YAAO,GAAW,CAAC,CAAC;QACpB,YAAO,GAAW,EAAE,CAAC;QACrB,iBAAY,GAAY,KAAK,CAAC;QAC9B,QAAG,GAAQ,CAAC,CAAC,GAAG,CAAC,QAAQ,CAAC;QAGnC,uBAAkB,GAAG,IAAI,CAAC;IAG1B,CAAC;IAED,iCAAQ,GAAR;QAEE,EAAE,CAAC,CAAC,IAAI,CAAC,CAAC,KAAK,SAAS,CAAC,CAAC,CAAC;YACzB,IAAI,CAAC,GAAG,GAAG,IAAI,CAAC,CAAC,CAAC;QACpB,CAAC;QAED,EAAE,CAAC,CAAC,IAAI,CAAC,CAAC,KAAK,SAAS,CAAC,CAAC,CAAC;YACzB,IAAI,CAAC,GAAG,GAAG,IAAI,CAAC,CAAC,CAAC;QACpB,CAAC;QAED,EAAE,CAAC,CAAC,OAAO,CAAC,IAAI,CAAC,GAAG,CAAC,KAAK,QAAQ,CAAC,CAAC,CAAC;YACnC,IAAI,QAAQ,GAAG,IAAI,CAAC,GAAG,CAAC,KAAK,CAAC,GAAG,CAAC,CAAC;YACnC,EAAE,CAAC,CAAC,QAAQ,CAAC,CAAC,CAAC,KAAK,GAAG,CAAC,CAAC,CAAC;gBACxB,IAAI,CAAC,GAAG,GAAG,CAAC,CAAC,QAAQ,CAAC,CAAC,CAAC,CAAC,CAAC,QAAQ,CAAC,CAAC,CAAC,CAAC,CAAC;YACzC,CAAC;YAAC,IAAI,CAAC,CAAC;gBACN,OAAO,CAAC,IAAI,CAAC,uDAAuD,CAAC,CAAC;gBACtE,IAAI,CAAC,GAAG,GAAG,CAAC,CAAC,GAAG,CAAC,QAAQ,CAAC;YAC5B,CAAC;QACH,CAAC;QAED,IAAI,GAAG,GAAG,CAAC,CAAC,GAAG,CAAC,IAAI,CAAC,UAAU,CAAC,aAAa,EAAE;YAC7C,GAAG,EAAE,IAAI,CAAC,GAAG;YACb,WAAW,EAAE,KAAK;YAClB,MAAM,EAAE,CAAC,CAAC,MAAM,CAAC,IAAI,CAAC,GAAG,EAAE,IAAI,CAAC,GAAG,CAAC;YACpC,IAAI,EAAE,IAAI,CAAC,IAAI;YACf,OAAO,EAAE,IAAI,CAAC,OAAO;YACrB,OAAO,EAAE,IAAI,CAAC,OAAO;YACrB,MAAM,EAAE,EAAE;YACV,iBAAiB,EAAE,KAAK;SACzB,CAAC,CAAC;QACH,IAAI,CAAC,UAAU,CAAC,aAAa,CAAC,aAAa,GAAG,GAAG,CAAC;QAGlD,IAAI,CAAC,UAAU,CAAC,MAAM,CAAC,GAAG,CAAC,CAAC;QAC5B,IAAI,CAAC,UAAU,CAAC,eAAe,CAAC,IAAI,CAAC,YAAY,CAAC,CAAC;IACrD,CAAC;IAED,wCAAe,GAAf;IACA,CAAC;IAED,wCAAe,GAAf;QACE,EAAE,CAAC,CAAC,IAAI,CAAC,YAAY,CAAC,CAAC,CAAC;YACtB,IAAI,GAAG,GAAG,IAAI,CAAC,UAAU,CAAC,MAAM,EAAE,CAAC;YACnC,EAAE,CAAC,CAAC,IAAI,CAAC,kBAAkB,KAAK,IAAI,CAAC,CAAC,CAAC;gBACrC,IAAI,CAAC,kBAAkB,CAAC,YAAY,EAAE,CAAC,SAAS,GAAG,EAAE,CAAC;YACxD,CAAC;YACD,IAAI,CAAC,kBAAkB,GAAG,CAAC,CAAC,OAAO,CAAC,MAAM,CAAC,IAAI,CAAC,UAAU,CAAC,WAAW,EAAE,EAAE,IAAI,CAAC,UAAU,CAAC,WAAW,EAAE,CAAC,CAAC,KAAK,CAAC,GAAG,CAAC,CAAC;QACtH,CAAC;IACH,CAAC;IACH,qBAAC;AAAD,CAAC,AAlED,IAkEC;AAjEU;IAAR,YAAK,EAAE;;2CAAoB;AACnB;IAAR,YAAK,EAAE;;2CAAoB;AACnB;IAAR,YAAK,EAAE;;yCAAW;AACV;IAAR,YAAK,EAAE;;yCAAW;AACV;IAAR,YAAK,EAAE;;4CAAmB;AAClB;IAAR,YAAK,EAAE;;+CAAqB;AACpB;IAAR,YAAK,EAAE;;+CAAsB;AACrB;IAAR,YAAK,EAAE;;oDAA+B;AAC9B;IAAR,YAAK,EAAE;;2CAA2B;AACjB;IAAjB,gBAAS,CAAC,KAAK,CAAC;8BAAa,iBAAU;kDAAC;AAV9B,cAAc;IAR1B,gBAAS,CAAC;QACT,QAAQ,EAAE,MAAM,CAAC,EAAE,CAAC,QAAQ,EAAE;QAC9B,QAAQ,EAAE,cAAc;QACxB,QAAQ,EAAE,OAAO,CAAC,YAAY,CAAC;QAC/B,MAAM,EAAE,CAAC,OAAO,CAAC,WAAW,CAAC,CAAC,QAAQ,EAAE,CAAC;QACzC,SAAS,EAAE,CAAC,wBAAU,CAAC;KACxB,CAAC;qCAgBgC,wBAAU;GAd/B,cAAc,CAkE1B;AAlEY,wCAAc"},"_coverageSchema":"332fd63041d2c1bcb487cc26dd0d5f7d97098a6c","hash":"1d8d51e009997bc676a194e94814e2030346859c","l":{"2":1,"3":11,"4":11,"5":22,"6":11,"8":1,"9":11,"11":1,"12":1,"13":1,"14":1,"16":1,"17":1,"18":1,"19":1,"20":1,"21":1,"22":1,"23":1,"24":1,"26":1,"27":1,"28":0,"30":1,"31":0,"33":1,"34":0,"35":0,"36":0,"39":0,"40":0,"43":1,"53":1,"54":1,"55":1,"57":1,"59":1,"60":0,"61":0,"62":0,"63":0,"65":0,"68":1,"70":1,"74":1,"78":1,"82":1,"86":1,"90":1,"94":1,"98":1,"102":1,"106":1,"110":1,"120":1}},
"C:\\Users\\SKouroupis\\Documents\\projects\\angular2.leaflet.components\\services\\map.service.ts":{"path":"C:\\Users\\SKouroupis\\Documents\\projects\\angular2.leaflet.components\\services\\map.service.ts","statementMap":{"0":{"start":{"line":2,"column":17},"end":{"line":7,"column":1}},"1":{"start":{"line":3,"column":12},"end":{"line":3,"column":28}},"2":{"start":{"line":3,"column":34},"end":{"line":3,"column":125}},"3":{"start":{"line":4,"column":4},"end":{"line":5,"column":150}},"4":{"start":{"line":4,"column":79},"end":{"line":4,"column":131}},"5":{"start":{"line":5,"column":9},"end":{"line":5,"column":150}},"6":{"start":{"line":5,"column":58},"end":{"line":5,"column":150}},"7":{"start":{"line":5,"column":81},"end":{"line":5,"column":150}},"8":{"start":{"line":6,"column":4},"end":{"line":6,"column":66}},"9":{"start":{"line":8,"column":17},"end":{"line":10,"column":1}},"10":{"start":{"line":9,"column":4},"end":{"line":9,"column":109}},"11":{"start":{"line":9,"column":79},"end":{"line":9,"column":109}},"12":{"start":{"line":11,"column":13},"end":{"line":11,"column":37}},"13":{"start":{"line":12,"column":11},"end":{"line":12,"column":29}},"14":{"start":{"line":13,"column":8},"end":{"line":13,"column":26}},"15":{"start":{"line":14,"column":18},"end":{"line":138,"column":3}},"16":{"start":{"line":16,"column":8},"end":{"line":16,"column":27}},"17":{"start":{"line":17,"column":8},"end":{"line":17,"column":27}},"18":{"start":{"line":18,"column":8},"end":{"line":18,"column":38}},"19":{"start":{"line":19,"column":8},"end":{"line":19,"column":39}},"20":{"start":{"line":20,"column":8},"end":{"line":20,"column":37}},"21":{"start":{"line":21,"column":8},"end":{"line":21,"column":35}},"22":{"start":{"line":22,"column":8},"end":{"line":22,"column":29}},"23":{"start":{"line":24,"column":4},"end":{"line":26,"column":6}},"24":{"start":{"line":25,"column":8},"end":{"line":25,"column":23}},"25":{"start":{"line":27,"column":4},"end":{"line":29,"column":6}},"26":{"start":{"line":28,"column":8},"end":{"line":28,"column":24}},"27":{"start":{"line":30,"column":4},"end":{"line":32,"column":6}},"28":{"start":{"line":31,"column":8},"end":{"line":31,"column":38}},"29":{"start":{"line":33,"column":4},"end":{"line":35,"column":6}},"30":{"start":{"line":34,"column":8},"end":{"line":34,"column":37}},"31":{"start":{"line":36,"column":4},"end":{"line":47,"column":6}},"32":{"start":{"line":37,"column":8},"end":{"line":39,"column":9}},"33":{"start":{"line":38,"column":12},"end":{"line":38,"column":35}},"34":{"start":{"line":40,"column":8},"end":{"line":46,"column":9}},"35":{"start":{"line":41,"column":12},"end":{"line":41,"column":42}},"36":{"start":{"line":44,"column":12},"end":{"line":44,"column":44}},"37":{"start":{"line":45,"column":12},"end":{"line":45,"column":43}},"38":{"start":{"line":48,"column":4},"end":{"line":60,"column":6}},"39":{"start":{"line":49,"column":24},"end":{"line":49,"column":25}},"40":{"start":{"line":50,"column":22},"end":{"line":50,"column":26}},"41":{"start":{"line":51,"column":8},"end":{"line":58,"column":9}},"42":{"start":{"line":52,"column":12},"end":{"line":52,"column":67}},"43":{"start":{"line":53,"column":12},"end":{"line":53,"column":27}},"44":{"start":{"line":54,"column":12},"end":{"line":54,"column":41}},"45":{"start":{"line":57,"column":12},"end":{"line":57,"column":26}},"46":{"start":{"line":59,"column":8},"end":{"line":59,"column":54}},"47":{"start":{"line":61,"column":4},"end":{"line":88,"column":6}},"48":{"start":{"line":62,"column":8},"end":{"line":86,"column":9}},"49":{"start":{"line":63,"column":24},"end":{"line":63,"column":58}},"50":{"start":{"line":64,"column":32},"end":{"line":64,"column":54}},"51":{"start":{"line":65,"column":12},"end":{"line":65,"column":51}},"52":{"start":{"line":68,"column":12},"end":{"line":70,"column":13}},"53":{"start":{"line":69,"column":16},"end":{"line":69,"column":39}},"54":{"start":{"line":71,"column":12},"end":{"line":85,"column":13}},"55":{"start":{"line":72,"column":16},"end":{"line":72,"column":43}},"56":{"start":{"line":73,"column":16},"end":{"line":73,"column":48}},"57":{"start":{"line":74,"column":16},"end":{"line":74,"column":46}},"58":{"start":{"line":77,"column":16},"end":{"line":77,"column":48}},"59":{"start":{"line":78,"column":16},"end":{"line":84,"column":17}},"60":{"start":{"line":79,"column":20},"end":{"line":79,"column":47}},"61":{"start":{"line":80,"column":20},"end":{"line":80,"column":52}},"62":{"start":{"line":83,"column":20},"end":{"line":83,"column":51}},"63":{"start":{"line":87,"column":8},"end":{"line":87,"column":26}},"64":{"start":{"line":89,"column":4},"end":{"line":91,"column":6}},"65":{"start":{"line":90,"column":8},"end":{"line":90,"column":29}},"66":{"start":{"line":92,"column":4},"end":{"line":94,"column":6}},"67":{"start":{"line":93,"column":8},"end":{"line":93,"column":29}},"68":{"start":{"line":95,"column":4},"end":{"line":101,"column":6}},"69":{"start":{"line":96,"column":20},"end":{"line":96,"column":24}},"70":{"start":{"line":97,"column":8},"end":{"line":100,"column":11}},"71":{"start":{"line":98,"column":12},"end":{"line":98,"column":42}},"72":{"start":{"line":99,"column":12},"end":{"line":99,"column":32}},"73":{"start":{"line":102,"column":4},"end":{"line":108,"column":6}},"74":{"start":{"line":103,"column":20},"end":{"line":103,"column":24}},"75":{"start":{"line":104,"column":8},"end":{"line":107,"column":11}},"76":{"start":{"line":105,"column":12},"end":{"line":105,"column":42}},"77":{"start":{"line":106,"column":12},"end":{"line":106,"column":32}},"78":{"start":{"line":109,"column":4},"end":{"line":120,"column":6}},"79":{"start":{"line":110,"column":23},"end":{"line":110,"column":41}},"80":{"start":{"line":111,"column":8},"end":{"line":119,"column":9}},"81":{"start":{"line":112,"column":12},"end":{"line":118,"column":13}},"82":{"start":{"line":113,"column":16},"end":{"line":117,"column":19}},"83":{"start":{"line":114,"column":20},"end":{"line":116,"column":21}},"84":{"start":{"line":115,"column":24},"end":{"line":115,"column":41}},"85":{"start":{"line":121,"column":4},"end":{"line":123,"column":6}},"86":{"start":{"line":122,"column":8},"end":{"line":122,"column":40}},"87":{"start":{"line":124,"column":4},"end":{"line":126,"column":6}},"88":{"start":{"line":125,"column":8},"end":{"line":125,"column":42}},"89":{"start":{"line":127,"column":4},"end":{"line":136,"column":6}},"90":{"start":{"line":128,"column":8},"end":{"line":135,"column":9}},"91":{"start":{"line":129,"column":22},"end":{"line":129,"column":35}},"92":{"start":{"line":130,"column":12},"end":{"line":133,"column":13}},"93":{"start":{"line":131,"column":16},"end":{"line":131,"column":70}},"94":{"start":{"line":132,"column":16},"end":{"line":132,"column":59}},"95":{"start":{"line":134,"column":12},"end":{"line":134,"column":106}},"96":{"start":{"line":137,"column":4},"end":{"line":137,"column":22}},"97":{"start":{"line":139,"column":0},"end":{"line":142,"column":15}},"98":{"start":{"line":143,"column":0},"end":{"line":143,"column":32}}},"fnMap":{"0":{"name":"(anonymous_0)","decl":{"start":{"line":2,"column":46},"end":{"line":2,"column":47}},"loc":{"start":{"line":2,"column":87},"end":{"line":7,"column":1}}},"1":{"name":"(anonymous_1)","decl":{"start":{"line":8,"column":46},"end":{"line":8,"column":47}},"loc":{"start":{"line":8,"column":62},"end":{"line":10,"column":1}}},"2":{"name":"(anonymous_2)","decl":{"start":{"line":14,"column":18},"end":{"line":14,"column":19}},"loc":{"start":{"line":14,"column":30},"end":{"line":138,"column":1}}},"3":{"name":"MapService","decl":{"start":{"line":15,"column":13},"end":{"line":15,"column":23}},"loc":{"start":{"line":15,"column":26},"end":{"line":23,"column":5}}},"4":{"name":"(anonymous_4)","decl":{"start":{"line":24,"column":34},"end":{"line":24,"column":35}},"loc":{"start":{"line":24,"column":49},"end":{"line":26,"column":5}}},"5":{"name":"(anonymous_5)","decl":{"start":{"line":27,"column":34},"end":{"line":27,"column":35}},"loc":{"start":{"line":27,"column":46},"end":{"line":29,"column":5}}},"6":{"name":"(anonymous_6)","decl":{"start":{"line":30,"column":43},"end":{"line":30,"column":44}},"loc":{"start":{"line":30,"column":60},"end":{"line":32,"column":5}}},"7":{"name":"(anonymous_7)","decl":{"start":{"line":33,"column":43},"end":{"line":33,"column":44}},"loc":{"start":{"line":33,"column":55},"end":{"line":35,"column":5}}},"8":{"name":"(anonymous_8)","decl":{"start":{"line":36,"column":38},"end":{"line":36,"column":39}},"loc":{"start":{"line":36,"column":63},"end":{"line":47,"column":5}}},"9":{"name":"(anonymous_9)","decl":{"start":{"line":48,"column":41},"end":{"line":48,"column":42}},"loc":{"start":{"line":48,"column":57},"end":{"line":60,"column":5}}},"10":{"name":"(anonymous_10)","decl":{"start":{"line":61,"column":38},"end":{"line":61,"column":39}},"loc":{"start":{"line":61,"column":68},"end":{"line":88,"column":5}}},"11":{"name":"(anonymous_11)","decl":{"start":{"line":89,"column":39},"end":{"line":89,"column":40}},"loc":{"start":{"line":89,"column":51},"end":{"line":91,"column":5}}},"12":{"name":"(anonymous_12)","decl":{"start":{"line":92,"column":39},"end":{"line":92,"column":40}},"loc":{"start":{"line":92,"column":51},"end":{"line":94,"column":5}}},"13":{"name":"(anonymous_13)","decl":{"start":{"line":95,"column":49},"end":{"line":95,"column":50}},"loc":{"start":{"line":95,"column":61},"end":{"line":101,"column":5}}},"14":{"name":"(anonymous_14)","decl":{"start":{"line":97,"column":38},"end":{"line":97,"column":39}},"loc":{"start":{"line":97,"column":58},"end":{"line":100,"column":9}}},"15":{"name":"(anonymous_15)","decl":{"start":{"line":102,"column":49},"end":{"line":102,"column":50}},"loc":{"start":{"line":102,"column":61},"end":{"line":108,"column":5}}},"16":{"name":"(anonymous_16)","decl":{"start":{"line":104,"column":38},"end":{"line":104,"column":39}},"loc":{"start":{"line":104,"column":58},"end":{"line":107,"column":9}}},"17":{"name":"(anonymous_17)","decl":{"start":{"line":109,"column":43},"end":{"line":109,"column":44}},"loc":{"start":{"line":109,"column":66},"end":{"line":120,"column":5}}},"18":{"name":"(anonymous_18)","decl":{"start":{"line":113,"column":38},"end":{"line":113,"column":39}},"loc":{"start":{"line":113,"column":69},"end":{"line":117,"column":17}}},"19":{"name":"(anonymous_19)","decl":{"start":{"line":121,"column":42},"end":{"line":121,"column":43}},"loc":{"start":{"line":121,"column":54},"end":{"line":123,"column":5}}},"20":{"name":"(anonymous_20)","decl":{"start":{"line":124,"column":42},"end":{"line":124,"column":43}},"loc":{"start":{"line":124,"column":54},"end":{"line":126,"column":5}}},"21":{"name":"(anonymous_21)","decl":{"start":{"line":127,"column":38},"end":{"line":127,"column":39}},"loc":{"start":{"line":127,"column":50},"end":{"line":136,"column":5}}}},"branchMap":{"0":{"loc":{"start":{"line":2,"column":17},"end":{"line":7,"column":1}},"type":"binary-expr","locations":[{"start":{"line":2,"column":18},"end":{"line":2,"column":22}},{"start":{"line":2,"column":26},"end":{"line":2,"column":41}},{"start":{"line":2,"column":46},"end":{"line":7,"column":1}}]},"1":{"loc":{"start":{"line":3,"column":34},"end":{"line":3,"column":125}},"type":"cond-expr","locations":[{"start":{"line":3,"column":42},"end":{"line":3,"column":48}},{"start":{"line":3,"column":51},"end":{"line":3,"column":125}}]},"2":{"loc":{"start":{"line":3,"column":51},"end":{"line":3,"column":125}},"type":"cond-expr","locations":[{"start":{"line":3,"column":67},"end":{"line":3,"column":118}},{"start":{"line":3,"column":121},"end":{"line":3,"column":125}}]},"3":{"loc":{"start":{"line":4,"column":4},"end":{"line":5,"column":150}},"type":"if","locations":[{"start":{"line":4,"column":4},"end":{"line":5,"column":150}},{"start":{"line":4,"column":4},"end":{"line":5,"column":150}}]},"4":{"loc":{"start":{"line":4,"column":8},"end":{"line":4,"column":77}},"type":"binary-expr","locations":[{"start":{"line":4,"column":8},"end":{"line":4,"column":35}},{"start":{"line":4,"column":39},"end":{"line":4,"column":77}}]},"5":{"loc":{"start":{"line":5,"column":58},"end":{"line":5,"column":150}},"type":"if","locations":[{"start":{"line":5,"column":58},"end":{"line":5,"column":150}},{"start":{"line":5,"column":58},"end":{"line":5,"column":150}}]},"6":{"loc":{"start":{"line":5,"column":85},"end":{"line":5,"column":149}},"type":"binary-expr","locations":[{"start":{"line":5,"column":86},"end":{"line":5,"column":143}},{"start":{"line":5,"column":148},"end":{"line":5,"column":149}}]},"7":{"loc":{"start":{"line":5,"column":86},"end":{"line":5,"column":143}},"type":"cond-expr","locations":[{"start":{"line":5,"column":94},"end":{"line":5,"column":98}},{"start":{"line":5,"column":101},"end":{"line":5,"column":143}}]},"8":{"loc":{"start":{"line":5,"column":101},"end":{"line":5,"column":143}},"type":"cond-expr","locations":[{"start":{"line":5,"column":109},"end":{"line":5,"column":126}},{"start":{"line":5,"column":129},"end":{"line":5,"column":143}}]},"9":{"loc":{"start":{"line":6,"column":11},"end":{"line":6,"column":62}},"type":"binary-expr","locations":[{"start":{"line":6,"column":11},"end":{"line":6,"column":16}},{"start":{"line":6,"column":20},"end":{"line":6,"column":21}},{"start":{"line":6,"column":25},"end":{"line":6,"column":62}}]},"10":{"loc":{"start":{"line":8,"column":17},"end":{"line":10,"column":1}},"type":"binary-expr","locations":[{"start":{"line":8,"column":18},"end":{"line":8,"column":22}},{"start":{"line":8,"column":26},"end":{"line":8,"column":41}},{"start":{"line":8,"column":46},"end":{"line":10,"column":1}}]},"11":{"loc":{"start":{"line":9,"column":4},"end":{"line":9,"column":109}},"type":"if","locations":[{"start":{"line":9,"column":4},"end":{"line":9,"column":109}},{"start":{"line":9,"column":4},"end":{"line":9,"column":109}}]},"12":{"loc":{"start":{"line":9,"column":8},"end":{"line":9,"column":77}},"type":"binary-expr","locations":[{"start":{"line":9,"column":8},"end":{"line":9,"column":35}},{"start":{"line":9,"column":39},"end":{"line":9,"column":77}}]},"13":{"loc":{"start":{"line":37,"column":8},"end":{"line":39,"column":9}},"type":"if","locations":[{"start":{"line":37,"column":8},"end":{"line":39,"column":9}},{"start":{"line":37,"column":8},"end":{"line":39,"column":9}}]},"14":{"loc":{"start":{"line":40,"column":8},"end":{"line":46,"column":9}},"type":"if","locations":[{"start":{"line":40,"column":8},"end":{"line":46,"column":9}},{"start":{"line":40,"column":8},"end":{"line":46,"column":9}}]},"15":{"loc":{"start":{"line":51,"column":8},"end":{"line":58,"column":9}},"type":"if","locations":[{"start":{"line":51,"column":8},"end":{"line":58,"column":9}},{"start":{"line":51,"column":8},"end":{"line":58,"column":9}}]},"16":{"loc":{"start":{"line":62,"column":8},"end":{"line":86,"column":9}},"type":"if","locations":[{"start":{"line":62,"column":8},"end":{"line":86,"column":9}},{"start":{"line":62,"column":8},"end":{"line":86,"column":9}}]},"17":{"loc":{"start":{"line":68,"column":12},"end":{"line":70,"column":13}},"type":"if","locations":[{"start":{"line":68,"column":12},"end":{"line":70,"column":13}},{"start":{"line":68,"column":12},"end":{"line":70,"column":13}}]},"18":{"loc":{"start":{"line":71,"column":12},"end":{"line":85,"column":13}},"type":"if","locations":[{"start":{"line":71,"column":12},"end":{"line":85,"column":13}},{"start":{"line":71,"column":12},"end":{"line":85,"column":13}}]},"19":{"loc":{"start":{"line":78,"column":16},"end":{"line":84,"column":17}},"type":"if","locations":[{"start":{"line":78,"column":16},"end":{"line":84,"column":17}},{"start":{"line":78,"column":16},"end":{"line":84,"column":17}}]},"20":{"loc":{"start":{"line":112,"column":12},"end":{"line":118,"column":13}},"type":"if","locations":[{"start":{"line":112,"column":12},"end":{"line":118,"column":13}},{"start":{"line":112,"column":12},"end":{"line":118,"column":13}}]},"21":{"loc":{"start":{"line":114,"column":20},"end":{"line":116,"column":21}},"type":"if","locations":[{"start":{"line":114,"column":20},"end":{"line":116,"column":21}},{"start":{"line":114,"column":20},"end":{"line":116,"column":21}}]},"22":{"loc":{"start":{"line":128,"column":8},"end":{"line":135,"column":9}},"type":"if","locations":[{"start":{"line":128,"column":8},"end":{"line":135,"column":9}},{"start":{"line":128,"column":8},"end":{"line":135,"column":9}}]},"23":{"loc":{"start":{"line":130,"column":12},"end":{"line":133,"column":13}},"type":"if","locations":[{"start":{"line":130,"column":12},"end":{"line":133,"column":13}},{"start":{"line":130,"column":12},"end":{"line":133,"column":13}}]}},"s":{"0":1,"1":1,"2":1,"3":1,"4":0,"5":1,"6":2,"7":2,"8":1,"9":1,"10":1,"11":1,"12":1,"13":1,"14":1,"15":1,"16":1,"17":1,"18":1,"19":1,"20":1,"21":1,"22":1,"23":1,"24":1,"25":1,"26":0,"27":1,"28":1,"29":1,"30":0,"31":1,"32":0,"33":0,"34":0,"35":0,"36":0,"37":0,"38":1,"39":0,"40":0,"41":0,"42":0,"43":0,"44":0,"45":0,"46":0,"47":1,"48":0,"49":0,"50":0,"51":0,"52":0,"53":0,"54":0,"55":0,"56":0,"57":0,"58":0,"59":0,"60":0,"61":0,"62":0,"63":0,"64":1,"65":0,"66":1,"67":0,"68":1,"69":0,"70":0,"71":0,"72":0,"73":1,"74":0,"75":0,"76":0,"77":0,"78":1,"79":0,"80":0,"81":0,"82":0,"83":0,"84":0,"85":1,"86":0,"87":1,"88":0,"89":1,"90":0,"91":0,"92":0,"93":0,"94":0,"95":0,"96":1,"97":1,"98":1},"f":{"0":1,"1":1,"2":1,"3":1,"4":1,"5":0,"6":1,"7":0,"8":0,"9":0,"10":0,"11":0,"12":0,"13":0,"14":0,"15":0,"16":0,"17":0,"18":0,"19":0,"20":0,"21":0},"b":{"0":[1,1,1],"1":[1,0],"2":[0,0],"3":[0,1],"4":[1,1],"5":[2,0],"6":[2,1],"7":[2,0],"8":[0,0],"9":[1,0,0],"10":[1,1,1],"11":[1,0],"12":[1,1],"13":[0,0],"14":[0,0],"15":[0,0],"16":[0,0],"17":[0,0],"18":[0,0],"19":[0,0],"20":[0,0],"21":[0,0],"22":[0,0],"23":[0,0]},"inputSourceMap":{"version":3,"file":"map.service.js","sourceRoot":"","sources":["map.service.ts"],"names":[],"mappings":";;;;;;;;;;AAAA,sCAA2C;AAC3C,8BAAqC;AACrC,2BAA6B;AAI7B,IAAa,UAAU;IAUnB;QARQ,aAAQ,GAAQ,EAAE,CAAC;QACnB,aAAQ,GAAQ,EAAE,CAAC;QACnB,qBAAgB,GAAY,KAAK,CAAC;QAClC,0BAAqB,GAAW,CAAC,CAAC;QAClC,uBAAkB,GAAQ,EAAE,CAAC;QAC7B,qBAAgB,GAAkB,EAAE,CAAC;QACrC,eAAU,GAAkB,EAAE,CAAC;IAEvB,CAAC;IAEV,2BAAM,GAAb,UAAc,GAAG;QACb,IAAI,CAAC,GAAG,GAAG,GAAG,CAAC;IACnB,CAAC;IACM,2BAAM,GAAb;QACI,MAAM,CAAC,IAAI,CAAC,GAAG,CAAC;IACpB,CAAC;IAEM,oCAAe,GAAtB,UAAuB,KAAK;QACxB,IAAI,CAAC,gBAAgB,GAAG,KAAK,CAAC;IAClC,CAAC;IACM,oCAAe,GAAtB;QACI,MAAM,CAAC,IAAI,CAAC,gBAAgB,CAAC;IACjC,CAAC;IAEM,+BAAU,GAAjB,UAAkB,OAAO,EAAE,IAAI;QAC3B,EAAE,CAAC,CAAC,IAAI,KAAK,EAAE,CAAC,CAAC,CAAC;YACd,IAAI,GAAG,eAAe,CAAC;QAC3B,CAAC;QACD,EAAE,CAAC,CAAC,IAAI,CAAC,QAAQ,CAAC,IAAI,CAAC,KAAK,SAAS,CAAC,CAAC,CAAC;YACpC,IAAI,CAAC,QAAQ,CAAC,IAAI,CAAC,GAAG,OAAO,CAAC;QAClC,CAAC;QAAC,IAAI,CAAC,CAAC;YACJ,IAAI,GAAG,IAAI,CAAC,aAAa,CAAC,IAAI,CAAC,CAAC;YAChC,IAAI,CAAC,UAAU,CAAC,OAAO,EAAE,IAAI,CAAC,CAAA;QAClC,CAAC;IACL,CAAC;IAEM,kCAAa,GAApB,UAAqB,IAAI;QACrB,IAAI,SAAS,GAAW,CAAC,CAAC;QAC1B,IAAI,OAAO,GAAW,IAAI,CAAC;QAC3B,EAAE,CAAC,CAAC,IAAI,CAAC,OAAO,CAAC,GAAG,CAAC,KAAK,CAAC,CAAC,CAAC,CAAC,CAAC;YAC3B,SAAS,GAAG,QAAQ,CAAC,IAAI,CAAC,KAAK,CAAC,GAAG,CAAC,CAAC,CAAC,CAAC,CAAC,KAAK,CAAC,GAAG,CAAC,CAAC,CAAC,CAAC,CAAC,CAAC;YACvD,SAAS,IAAI,CAAC,CAAC;YACf,OAAO,GAAG,IAAI,CAAC,KAAK,CAAC,GAAG,CAAC,CAAC,CAAC,CAAC,CAAC;QACjC,CAAC;QAAC,IAAI,CAAC,CAAC;YACJ,SAAS,GAAG,CAAC,CAAC;QAClB,CAAC;QACD,MAAM,CAAC,IAAI,GAAG,OAAO,GAAG,GAAG,GAAG,SAAS,GAAG,GAAG,CAAC;IAClD,CAAC;IAEM,+BAAU,GAAjB,UAAkB,OAAO,EAAE,IAAY,EAAE,GAAY;QACjD,EAAE,CAAC,CAAC,IAAI,CAAC,gBAAgB,CAAC,OAAO,CAAC,GAAG,CAAC,KAAK,CAAC,CAAC,CAAC,CAAC,CAAC;YAC5C,IAAI,KAAK,GAAG,IAAI,CAAC,gBAAgB,CAAC,OAAO,CAAC,GAAG,CAAC,CAAC;YAC/C,IAAI,aAAa,GAAW,IAAI,CAAC,UAAU,CAAC,KAAK,CAAC,CAAC;YACnD,IAAI,CAAC,QAAQ,CAAC,aAAa,CAAC,GAAG,OAAO,CAAC;QAC3C,CAAC;QAAC,IAAI,CAAC,CAAC;YACJ,EAAE,CAAC,CAAC,IAAI,KAAK,EAAE,CAAC,CAAC,CAAC;gBACd,IAAI,GAAG,eAAe,CAAC;YAC3B,CAAC;YACD,EAAE,CAAC,CAAC,IAAI,CAAC,QAAQ,CAAC,IAAI,CAAC,KAAK,SAAS,CAAC,CAAC,CAAC;gBACpC,IAAI,CAAC,UAAU,CAAC,IAAI,CAAC,IAAI,CAAC,CAAC;gBAC3B,IAAI,CAAC,gBAAgB,CAAC,IAAI,CAAC,GAAG,CAAC,CAAC;gBAChC,IAAI,CAAC,QAAQ,CAAC,IAAI,CAAC,GAAG,OAAO,CAAC;YAClC,CAAC;YAAC,IAAI,CAAC,CAAC;gBACJ,IAAI,GAAG,IAAI,CAAC,aAAa,CAAC,IAAI,CAAC,CAAC;gBAChC,EAAE,CAAC,CAAC,IAAI,CAAC,UAAU,CAAC,OAAO,CAAC,IAAI,CAAC,KAAK,CAAC,CAAC,CAAC,CAAC,CAAC;oBACvC,IAAI,CAAC,UAAU,CAAC,IAAI,CAAC,IAAI,CAAC,CAAC;oBAC3B,IAAI,CAAC,gBAAgB,CAAC,IAAI,CAAC,GAAG,CAAC,CAAC;gBACpC,CAAC;gBAAC,IAAI,CAAC,CAAC;oBACJ,IAAI,CAAC,UAAU,CAAC,OAAO,EAAE,IAAI,CAAC,CAAC;gBACnC,CAAC;YACL,CAAC;QACL,CAAC;QAED,IAAI,CAAC,UAAU,EAAE,CAAC;IACtB,CAAC;IAEM,gCAAW,GAAlB;QACI,MAAM,CAAC,IAAI,CAAC,QAAQ,CAAC;IACzB,CAAC;IAEM,gCAAW,GAAlB;QACI,MAAM,CAAC,IAAI,CAAC,QAAQ,CAAC;IACzB,CAAC;IAEM,0CAAqB,GAA5B;QAAA,iBAKC;QAJG,MAAM,CAAC,eAAU,CAAC,MAAM,CAAC,UAAA,QAAQ;YAC7B,QAAQ,CAAC,IAAI,CAAC,KAAI,CAAC,QAAQ,CAAC,CAAC;YAC7B,QAAQ,CAAC,QAAQ,EAAE,CAAC;QACxB,CAAC,CAAC,CAAC;IACP,CAAC;IAEM,0CAAqB,GAA5B;QAAA,iBAKC;QAJG,MAAM,CAAC,eAAU,CAAC,MAAM,CAAC,UAAA,QAAQ;YAC7B,QAAQ,CAAC,IAAI,CAAC,KAAI,CAAC,QAAQ,CAAC,CAAC;YAC7B,QAAQ,CAAC,QAAQ,EAAE,CAAC;QACxB,CAAC,CAAC,CAAC;IACP,CAAC;IAEM,oCAAe,GAAtB,UAAuB,MAAM,EAAE,GAAG;QAC9B,IAAI,QAAQ,GAAG,IAAI,CAAC,WAAW,EAAE,CAAC;QAClC,GAAG,CAAC,CAAC,IAAI,GAAG,IAAI,QAAQ,CAAC,CAAC,CAAC;YACvB,EAAE,CAAC,CAAC,QAAQ,CAAC,GAAG,CAAC,YAAY,KAAK,CAAC,CAAC,CAAC;gBACjC,QAAQ,CAAC,GAAG,CAAC,CAAC,OAAO,CAAC,UAAC,OAAO,EAAE,KAAK,EAAE,GAAG;oBACtC,EAAE,CAAC,CAAC,OAAO,CAAC,WAAW,IAAI,MAAM,CAAC,WAAW,CAAC,CAAC,CAAC;wBAC5C,GAAG,CAAC,KAAK,CAAC,GAAG,GAAG,CAAC;oBACrB,CAAC;gBACL,CAAC,CAAC,CAAC;YACP,CAAC;QACL,CAAC;IACL,CAAC;IAEM,mCAAc,GAArB;QACI,IAAI,CAAC,qBAAqB,IAAI,CAAC,CAAC;IACpC,CAAC;IAEM,mCAAc,GAArB;QACI,MAAM,CAAC,IAAI,CAAC,qBAAqB,CAAC;IACtC,CAAC;IAEM,+BAAU,GAAjB;QACI,EAAE,CAAC,CAAC,IAAI,CAAC,gBAAgB,CAAC,CAAC,CAAC;YACxB,IAAI,GAAG,GAAG,IAAI,CAAC,MAAM,EAAE,CAAC;YACxB,EAAE,CAAC,CAAC,MAAM,CAAC,IAAI,CAAC,IAAI,CAAC,kBAAkB,CAAC,CAAC,MAAM,KAAK,CAAC,CAAC,CAAC,CAAC;gBACpD,IAAI,CAAC,kBAAkB,CAAC,YAAY,EAAE,CAAC,SAAS,GAAG,EAAE,CAAC;gBACtD,GAAG,CAAC,aAAa,CAAC,IAAI,CAAC,kBAAkB,CAAC,CAAC;YAC/C,CAAC;YACD,IAAI,CAAC,kBAAkB,GAAG,CAAC,CAAC,OAAO,CAAC,MAAM,CAAC,IAAI,CAAC,WAAW,EAAE,EAAE,IAAI,CAAC,WAAW,EAAE,CAAC,CAAC,KAAK,CAAC,GAAG,CAAC,CAAC;QAClG,CAAC;IACL,CAAC;IACL,iBAAC;AAAD,CAAC,AAnID,IAmIC;AAnIY,UAAU;IADtB,iBAAU,EAAE;;GACA,UAAU,CAmItB;AAnIY,gCAAU"},"_coverageSchema":"332fd63041d2c1bcb487cc26dd0d5f7d97098a6c","hash":"0dfb8a5bf2dd0123bdfeb9baab64d45fa66a56af","l":{"2":1,"3":1,"4":1,"5":2,"6":1,"8":1,"9":1,"11":1,"12":1,"13":1,"14":1,"16":1,"17":1,"18":1,"19":1,"20":1,"21":1,"22":1,"24":1,"25":1,"27":1,"28":0,"30":1,"31":1,"33":1,"34":0,"36":1,"37":0,"38":0,"40":0,"41":0,"44":0,"45":0,"48":1,"49":0,"50":0,"51":0,"52":0,"53":0,"54":0,"57":0,"59":0,"61":1,"62":0,"63":0,"64":0,"65":0,"68":0,"69":0,"71":0,"72":0,"73":0,"74":0,"77":0,"78":0,"79":0,"80":0,"83":0,"87":0,"89":1,"90":0,"92":1,"93":0,"95":1,"96":0,"97":0,"98":0,"99":0,"102":1,"103":0,"104":0,"105":0,"106":0,"109":1,"110":0,"111":0,"112":0,"113":0,"114":0,"115":0,"121":1,"122":0,"124":1,"125":0,"127":1,"128":0,"129":0,"130":0,"131":0,"132":0,"134":0,"137":1,"139":1,"143":1}}}
